{
  "stats": {
    "suites": 1,
    "tests": 6,
    "passes": 6,
    "pending": 0,
    "failures": 0,
    "start": "2025-12-01T17:25:27.617Z",
    "end": "2025-12-01T17:25:41.383Z",
    "duration": 13766,
    "testsRegistered": 6,
    "passPercent": 100,
    "pendingPercent": 0,
    "other": 0,
    "hasOther": false,
    "skipped": 0,
    "hasSkipped": false
  },
  "results": [
    {
      "uuid": "d398d2bd-b615-4c59-8838-1646d860405b",
      "title": "",
      "fullFile": "cypress\\e2e\\the-internet.cy.js",
      "file": "cypress\\e2e\\the-internet.cy.js",
      "beforeHooks": [],
      "afterHooks": [],
      "tests": [],
      "suites": [
        {
          "uuid": "1b34c912-b4e1-4fd8-af04-763aaee8e1f5",
          "title": "testes de ui no the-internet",
          "fullFile": "",
          "file": "",
          "beforeHooks": [],
          "afterHooks": [],
          "tests": [
            {
              "title": "deve checar as checkbox corretamente",
              "fullTitle": "testes de ui no the-internet deve checar as checkbox corretamente",
              "timedOut": null,
              "duration": 3220,
              "state": "passed",
              "speed": "fast",
              "pass": true,
              "fail": false,
              "pending": false,
              "context": null,
              "code": "cy.navigateToExample('Checkboxes');\ncy.get('input[type=\"checkbox\"]').first().should('not.be.checked');\ncy.get('input[type=\"checkbox\"]').last().should('be.checked');\ncy.get('input[type=\"checkbox\"]').first().check().should('be.checked');\ncy.get('input[type=\"checkbox\"]').last().uncheck().should('not.be.checked');",
              "err": {},
              "uuid": "43463ce2-789f-44c7-8959-0da8ea86f2b5",
              "parentUUID": "1b34c912-b4e1-4fd8-af04-763aaee8e1f5",
              "isHook": false,
              "skipped": false
            },
            {
              "title": "deve fazer o drag n drop corretamente",
              "fullTitle": "testes de ui no the-internet deve fazer o drag n drop corretamente",
              "timedOut": null,
              "duration": 603,
              "state": "passed",
              "speed": "fast",
              "pass": true,
              "fail": false,
              "pending": false,
              "context": null,
              "code": "cy.navigateToExample('Drag and Drop');\nconst dataTransfer = new DataTransfer();\ncy.get('#column-a').trigger('dragstart', {\n  dataTransfer\n});\ncy.get('#column-b').trigger('drop', {\n  dataTransfer\n});\ncy.get('#column-a header').should('have.text', 'B');\ncy.get('#column-b header').should('have.text', 'A');",
              "err": {},
              "uuid": "c6037839-003b-4fdf-9e43-8af859920002",
              "parentUUID": "1b34c912-b4e1-4fd8-af04-763aaee8e1f5",
              "isHook": false,
              "skipped": false
            },
            {
              "title": "exibir e fechar uma notificação (cenário negativo)",
              "fullTitle": "testes de ui no the-internet exibir e fechar uma notificação (cenário negativo)",
              "timedOut": null,
              "duration": 1915,
              "state": "passed",
              "speed": "fast",
              "pass": true,
              "fail": false,
              "pending": false,
              "context": null,
              "code": "cy.navigateToExample('Notification Messages');\ncy.contains('Click here').click();\ncy.get('#flash').should('be.visible').and('contain.text', 'Action');\ncy.get('.close').click({\n  force: true\n});\ncy.get('#flash').should('not.exist');",
              "err": {},
              "uuid": "229bd67e-2055-4b12-9a1d-176212282b27",
              "parentUUID": "1b34c912-b4e1-4fd8-af04-763aaee8e1f5",
              "isHook": false,
              "skipped": false
            },
            {
              "title": "deve selecionar uma opção no dropdown e validar o valor",
              "fullTitle": "testes de ui no the-internet deve selecionar uma opção no dropdown e validar o valor",
              "timedOut": null,
              "duration": 928,
              "state": "passed",
              "speed": "fast",
              "pass": true,
              "fail": false,
              "pending": false,
              "context": null,
              "code": "cy.navigateToExample('Dropdown');\ncy.get('#dropdown').should('have.value', null);\ncy.get('#dropdown').select('2').should('have.value', '2');\ncy.get('#dropdown').select('Option 1').should('have.value', '1');",
              "err": {},
              "uuid": "a1b4b807-84a3-4baa-aa6a-64e01057ff9a",
              "parentUUID": "1b34c912-b4e1-4fd8-af04-763aaee8e1f5",
              "isHook": false,
              "skipped": false
            },
            {
              "title": "deve esperar o elemento renderizar a validar o conteudo",
              "fullTitle": "testes de ui no the-internet deve esperar o elemento renderizar a validar o conteudo",
              "timedOut": null,
              "duration": 6130,
              "state": "passed",
              "speed": "medium",
              "pass": true,
              "fail": false,
              "pending": false,
              "context": null,
              "code": "cy.navigateToExample('Dynamic Loading');\ncy.contains('Example 2').click();\ncy.get('#finish').should('not.exist');\ncy.get('#start button').click();\ncy.get('#finish h4', {\n  timeout: 10000\n}).should('be.visible').and('have.text', 'Hello World!');",
              "err": {},
              "uuid": "47fe8ecc-e2cf-4798-a120-a14daedfbfd9",
              "parentUUID": "1b34c912-b4e1-4fd8-af04-763aaee8e1f5",
              "isHook": false,
              "skipped": false
            },
            {
              "title": "ao passar mouse sobre imagem deve mostrar informações",
              "fullTitle": "testes de ui no the-internet ao passar mouse sobre imagem deve mostrar informações",
              "timedOut": null,
              "duration": 664,
              "state": "passed",
              "speed": "fast",
              "pass": true,
              "fail": false,
              "pending": false,
              "context": null,
              "code": "cy.navigateToExample('Hovers');\ncy.get('.figure').first().as('userCard');\ncy.get('@userCard').find('.figcaption').should('not.be.visible');\ncy.get('@userCard').find('.figcaption').invoke('show').should('be.visible');\ncy.get('@userCard').find('h5').should('contain.text', 'name: user1');",
              "err": {},
              "uuid": "6b266130-3e4e-42bd-aedb-3b9dd2fba348",
              "parentUUID": "1b34c912-b4e1-4fd8-af04-763aaee8e1f5",
              "isHook": false,
              "skipped": false
            }
          ],
          "suites": [],
          "passes": [
            "43463ce2-789f-44c7-8959-0da8ea86f2b5",
            "c6037839-003b-4fdf-9e43-8af859920002",
            "229bd67e-2055-4b12-9a1d-176212282b27",
            "a1b4b807-84a3-4baa-aa6a-64e01057ff9a",
            "47fe8ecc-e2cf-4798-a120-a14daedfbfd9",
            "6b266130-3e4e-42bd-aedb-3b9dd2fba348"
          ],
          "failures": [],
          "pending": [],
          "skipped": [],
          "duration": 13460,
          "root": false,
          "rootEmpty": false,
          "_timeout": 2000
        }
      ],
      "passes": [],
      "failures": [],
      "pending": [],
      "skipped": [],
      "duration": 0,
      "root": true,
      "rootEmpty": true,
      "_timeout": 2000
    }
  ],
  "meta": {
    "mocha": {
      "version": "7.2.0"
    },
    "mochawesome": {
      "options": {
        "quiet": false,
        "reportFilename": "mochawesome",
        "saveHtml": true,
        "saveJson": true,
        "consoleReporter": "spec",
        "useInlineDiffs": false,
        "code": true
      },
      "version": "7.1.4"
    },
    "marge": {
      "options": {
        "reportDir": "cypress/reports",
        "overwrite": false,
        "html": true,
        "json": true
      },
      "version": "6.3.2"
    }
  }
}